<?xml version="1.0" encoding="UTF-8" standalone="yes"?>
<testExecutions version="1">
  <file path="cypress/e2e/credential/create-github-generic-cred.cy.ts">
    <testCase name="create git generic credential should be able open git form" duration="3456"/>
    <testCase name="create git generic credential should be able fill git form" duration="1576"/>
    <testCase name="create git generic credential should be able create another git cred" duration="1628"/>
  </file>
  <file path="cypress/e2e/project/create-project.cy.ts">
    <testCase name="create project should be able to open close create modal" duration="2609"/>
    <testCase name="create project should show form error" duration="409"/>
    <testCase name="create project should show project description field" duration="1318"/>
    <testCase name="create project should create a project" duration="1164"/>
  </file>
  <file path="cypress/e2e/home-page/homePage.cy.ts">
    <testCase name="homePage view should show counts of primary entities" duration="3352"/>
    <testCase name="homePage view should show one project" duration="7"/>
    <testCase name="homePage view should increase the project count when new project is added" duration="211"/>
    <testCase name="homePage view should increase the env count when new env is added" duration="210"/>
  </file>
  <file path="cypress/e2e/credential/create-docker-generic-cred.cy.ts">
    <testCase name="create docker generic credential should be able open docker generic form" duration="2975"/>
    <testCase name="create docker generic credential should be able fill docker generic form" duration="2066"/>
  </file>
  <file path="cypress/e2e/auth/signup.cy.ts">
    <testCase name="signup should show an error message on invalid email input" duration="4420"/>
    <testCase name="signup should show an error message on empty password input" duration="805"/>
    <testCase name="signup should show an server side error" duration="1001"/>
  </file>
  <file path="cypress/e2e/credential/assign-git-cred.cy.ts">
    <testCase name="Assign and unassign git credential should open project detail page where project action button exists" duration="3401"/>
    <testCase name="Assign and unassign git credential should be able open add new Github container creds form when no credentials added" duration="409"/>
    <testCase name="Assign and unassign git credential should be able open add new GitLab container creds form when no credentials added" duration="219"/>
    <testCase name="Assign and unassign git credential should be able open add new Git container creds form when no credentials added" duration="409"/>
    <testCase name="Assign and unassign git credential should be able to assign github credentials" duration="1298"/>
    <testCase name="Assign and unassign git credential should be able to unassign github container credential" duration="1251"/>
    <testCase name="Assign and unassign git credential should be able to assign GitLab credentials" duration="1240"/>
    <testCase name="Assign and unassign git credential should be able to unassign GitLab container credential" duration="1237"/>
    <testCase name="Assign and unassign git credential should be able to assign Git credentials" duration="1149"/>
    <testCase name="Assign and unassign git credential should be able to unassign Git container credential" duration="1227"/>
  </file>
  <file path="cypress/e2e/auth/signup.cy.ts">
    <testCase name="signup should show an error message on invalid email input" duration="3844"/>
    <testCase name="signup should show an error message on empty password input" duration="830"/>
    <testCase name="signup should show an server side error" duration="1012"/>
  </file>
  <file path="cypress/e2e/project/create-project.cy.ts">
    <testCase name="create project should be able to open close create modal" duration="0" status="failure">
      <failure message="Timed out retrying after 4000ms: Expected to find element: `[data-qa-project-create-ddddd]`, but never found it.">AssertionError: Timed out retrying after 4000ms: Expected to find element: `[data-qa-project-create-ddddd]`, but never found it.
    at Context.eval (http://localhost:8080/__cypress/tests?p=cypress/e2e/project/create-project.cy.ts:33692:48)</failure>
    </testCase>
    <testCase name="create project should show form error" duration="410"/>
    <testCase name="create project should show project description field" duration="1308"/>
    <testCase name="create project should create a project" duration="1194"/>
  </file>
  <file path="cypress/e2e/auth/signup.cy.ts">
    <testCase name="signup should show an error message on invalid email input" duration="3182"/>
    <testCase name="signup should show an error message on empty password input" duration="748"/>
    <testCase name="signup should show an server side error" duration="917"/>
  </file>
</testExecutions>