<?xml version="1.0" encoding="UTF-8"?>
<testsuites name="Mocha Tests" time="5.097" tests="2" failures="0">
  <testsuite name="Root Suite" timestamp="2023-03-27T10:50:52" tests="0" file="cypress/e2e/credential/create-docker-generic-cred.cy.ts" time="0.000" failures="0">
  </testsuite>
  <testsuite name="create docker generic credential" timestamp="2023-03-27T10:50:52" tests="2" time="5.088" failures="0">
    <testcase name="create docker generic credential should be able open docker generic form" time="2.975" classname="should be able open docker generic form">
    </testcase>
    <testcase name="create docker generic credential should be able fill docker generic form" time="2.066" classname="should be able fill docker generic form">
    </testcase>
  </testsuite>
</testsuites>