<?xml version="1.0" encoding="UTF-8"?>
<testsuites name="Mocha Tests" time="3.837" tests="4" failures="0">
  <testsuite name="Root Suite" timestamp="2023-02-07T13:17:10" tests="0" file="cypress/e2e/home-page/homePage.cy.ts" time="0.000" failures="0">
  </testsuite>
  <testsuite name="homePage view" timestamp="2023-02-07T13:17:10" tests="4" time="3.832" failures="0">
    <testcase name="homePage view should show counts of primary entities" time="3.352" classname="should show counts of primary entities">
    </testcase>
    <testcase name="homePage view should show one project" time="0.007" classname="should show one project">
    </testcase>
    <testcase name="homePage view should increase the project count when new project is added" time="0.211" classname="should increase the project count when new project is added">
    </testcase>
    <testcase name="homePage view should increase the env count when new env is added" time="0.210" classname="should increase the env count when new env is added">
    </testcase>
  </testsuite>
</testsuites>